RUN	tqs.BookingSimulation	bookingsimulation	1762072041687	 	3.10.4
USER	CitizenBookingFlow	START	1762072042294
USER	StaffUpdateFlow	START	1762072042294
USER	CapacityLimitTest	START	1762072042308
REQUEST		Create Booking 0	1762072042305	1762072042372	OK	 
REQUEST		Create Booking	1762072042305	1762072042407	OK	 
REQUEST		Create Booking for Staff Test	1762072042305	1762072042407	OK	 
REQUEST		Create Booking 1	1762072042886	1762072042899	OK	 
USER	StaffUpdateFlow	START	1762072043288
USER	CitizenBookingFlow	START	1762072043291
REQUEST		Create Booking for Staff Test	1762072043291	1762072043307	OK	 
REQUEST		Create Booking	1762072043292	1762072043312	OK	 
REQUEST		Create Booking 2	1762072043402	1762072043415	OK	 
REQUEST		Check Booking Status	1762072043431	1762072043450	OK	 
USER	CitizenBookingFlow	END	1762072043454
REQUEST		Create Booking 3	1762072043918	1762072043925	OK	 
USER	StaffUpdateFlow	START	1762072044288
USER	CitizenBookingFlow	START	1762072044290
REQUEST		Create Booking for Staff Test	1762072044288	1762072044303	OK	 
REQUEST		Create Booking	1762072044290	1762072044303	OK	 
REQUEST		Check Booking Status	1762072044314	1762072044322	OK	 
USER	CitizenBookingFlow	END	1762072044322
REQUEST		Create Booking 4	1762072044435	1762072044439	OK	 
REQUEST		Update to ASSIGNED	1762072044433	1762072044454	OK	 
REQUEST		Create Booking 5	1762072044943	1762072044958	OK	 
USER	StaffUpdateFlow	START	1762072045289
USER	CitizenBookingFlow	START	1762072045289
REQUEST		Create Booking for Staff Test	1762072045293	1762072045333	OK	 
REQUEST		Create Booking	1762072045293	1762072045335	OK	 
REQUEST		Check Booking Status	1762072045305	1762072045336	OK	 
USER	CitizenBookingFlow	END	1762072045336
REQUEST		Update to ASSIGNED	1762072045309	1762072045341	OK	 
REQUEST		Create Booking 6	1762072045461	1762072045473	OK	 
REQUEST		Update to IN_PROGRESS	1762072045457	1762072045478	OK	 
USER	StaffUpdateFlow	END	1762072045479
REQUEST		Create Booking 7	1762072045976	1762072045985	OK	 
USER	StaffUpdateFlow	START	1762072046289
USER	CitizenBookingFlow	START	1762072046289
REQUEST		Create Booking	1762072046292	1762072046312	OK	 
REQUEST		Create Booking for Staff Test	1762072046292	1762072046312	OK	 
REQUEST		Update to ASSIGNED	1762072046305	1762072046321	OK	 
REQUEST		Check Booking Status	1762072046336	1762072046343	OK	 
USER	CitizenBookingFlow	END	1762072046343
REQUEST		Update to IN_PROGRESS	1762072046343	1762072046352	OK	 
USER	StaffUpdateFlow	END	1762072046352
REQUEST		Create Booking 8	1762072046489	1762072046497	OK	 
REQUEST		Create Booking 9	1762072047000	1762072047015	OK	 
USER	StaffUpdateFlow	START	1762072047287
USER	CitizenBookingFlow	START	1762072047289
REQUEST		Create Booking	1762072047292	1762072047314	OK	 
REQUEST		Create Booking for Staff Test	1762072047290	1762072047314	OK	 
REQUEST		Check Booking Status	1762072047314	1762072047321	OK	 
USER	CitizenBookingFlow	END	1762072047321
REQUEST		Update to IN_PROGRESS	1762072047323	1762072047334	OK	 
USER	StaffUpdateFlow	END	1762072047334
REQUEST		Update to ASSIGNED	1762072047336	1762072047344	OK	 
REQUEST		Create Booking 10	1762072047518	1762072047525	OK	 
REQUEST		Create Booking 11	1762072048029	1762072048043	OK	 
USER	StaffUpdateFlow	START	1762072048288
USER	CitizenBookingFlow	START	1762072048288
REQUEST		Create Booking for Staff Test	1762072048288	1762072048301	OK	 
REQUEST		Create Booking	1762072048289	1762072048302	OK	 
REQUEST		Check Booking Status	1762072048316	1762072048320	OK	 
USER	CitizenBookingFlow	END	1762072048321
REQUEST		Update to ASSIGNED	1762072048315	1762072048322	OK	 
REQUEST		Update to IN_PROGRESS	1762072048347	1762072048356	OK	 
USER	StaffUpdateFlow	END	1762072048357
REQUEST		Create Booking 12	1762072048547	1762072048554	OK	 
REQUEST		Create Booking 13	1762072049056	1762072049066	OK	 
USER	CitizenBookingFlow	START	1762072049288
USER	StaffUpdateFlow	START	1762072049289
REQUEST		Create Booking	1762072049290	1762072049307	OK	 
REQUEST		Create Booking for Staff Test	1762072049292	1762072049309	OK	 
REQUEST		Check Booking Status	1762072049304	1762072049312	OK	 
USER	CitizenBookingFlow	END	1762072049312
REQUEST		Update to ASSIGNED	1762072049317	1762072049328	OK	 
REQUEST		Update to IN_PROGRESS	1762072049323	1762072049333	OK	 
USER	StaffUpdateFlow	END	1762072049334
REQUEST		Create Booking 14	1762072049570	1762072049578	OK	 
REQUEST		Create Booking 15	1762072050081	1762072050098	OK	 
USER	StaffUpdateFlow	START	1762072050289
USER	CitizenBookingFlow	START	1762072050291
REQUEST		Create Booking	1762072050293	1762072050360	OK	 
REQUEST		Create Booking for Staff Test	1762072050293	1762072050435	OK	 
REQUEST		Check Booking Status	1762072050312	1762072050450	OK	 
USER	CitizenBookingFlow	END	1762072050456
REQUEST		Update to ASSIGNED	1762072050304	1762072050458	OK	 
REQUEST		Update to IN_PROGRESS	1762072050330	1762072050564	OK	 
USER	StaffUpdateFlow	END	1762072050565
USER	CapacityLimitTest	END	1762072050601
USER	StaffUpdateFlow	START	1762072051288
USER	CitizenBookingFlow	START	1762072051289
REQUEST		Create Booking for Staff Test	1762072051292	1762072051314	OK	 
REQUEST		Create Booking	1762072051292	1762072051314	OK	 
REQUEST		Update to ASSIGNED	1762072051312	1762072051321	OK	 
REQUEST		Check Booking Status	1762072051411	1762072051426	OK	 
USER	CitizenBookingFlow	END	1762072051429
REQUEST		Update to IN_PROGRESS	1762072051462	1762072051483	OK	 
USER	StaffUpdateFlow	END	1762072051485
USER	CitizenBookingFlow	START	1762072052288
REQUEST		Create Booking	1762072052289	1762072052315	OK	 
REQUEST		Check Booking Status	1762072052317	1762072052326	OK	 
USER	CitizenBookingFlow	END	1762072052327
REQUEST		Update to IN_PROGRESS	1762072052323	1762072052333	OK	 
USER	StaffUpdateFlow	END	1762072052334
REQUEST		Update to ASSIGNED	1762072052443	1762072052463	OK	 
USER	CitizenBookingFlow	START	1762072053289
REQUEST		Create Booking	1762072053290	1762072053320	OK	 
REQUEST		Check Booking Status	1762072053320	1762072053325	OK	 
REQUEST		Update to ASSIGNED	1762072053317	1762072053325	OK	 
USER	CitizenBookingFlow	END	1762072053327
REQUEST		Update to IN_PROGRESS	1762072053466	1762072053482	OK	 
USER	StaffUpdateFlow	END	1762072053483
USER	CitizenBookingFlow	START	1762072054288
REQUEST		Create Booking	1762072054289	1762072054306	OK	 
REQUEST		Check Booking Status	1762072054329	1762072054343	OK	 
USER	CitizenBookingFlow	END	1762072054344
REQUEST		Update to IN_PROGRESS	1762072054333	1762072054345	OK	 
USER	StaffUpdateFlow	END	1762072054346
USER	CitizenBookingFlow	START	1762072055288
REQUEST		Create Booking	1762072055289	1762072055303	KO	status.find.is(201), but actually found 400
REQUEST		Check Booking Status	1762072055309	1762072055319	OK	 
USER	CitizenBookingFlow	END	1762072055321
USER	CitizenBookingFlow	START	1762072056295
REQUEST		Create Booking	1762072056297	1762072056313	OK	 
ERROR	Check Booking Status: Failed to build request: No attribute named 'bookingToken' is defined 	1762072056321
USER	CitizenBookingFlow	END	1762072056331
USER	CitizenBookingFlow	START	1762072057288
REQUEST		Create Booking	1762072057288	1762072057299	KO	status.find.is(201), but actually found 400
REQUEST		Check Booking Status	1762072057316	1762072057326	OK	 
USER	CitizenBookingFlow	END	1762072057328
USER	CitizenBookingFlow	START	1762072058287
ERROR	Check Booking Status: Failed to build request: No attribute named 'bookingToken' is defined 	1762072058301
USER	CitizenBookingFlow	END	1762072058302
REQUEST		Create Booking	1762072058289	1762072058302	KO	status.find.is(201), but actually found 400
USER	CitizenBookingFlow	START	1762072059289
REQUEST		Create Booking	1762072059290	1762072059304	OK	 
ERROR	Check Booking Status: Failed to build request: No attribute named 'bookingToken' is defined 	1762072059307
USER	CitizenBookingFlow	END	1762072059309
USER	CitizenBookingFlow	START	1762072060290
REQUEST		Create Booking	1762072060293	1762072060312	KO	status.find.is(201), but actually found 400
REQUEST		Check Booking Status	1762072060307	1762072060314	OK	 
USER	CitizenBookingFlow	END	1762072060316
USER	CitizenBookingFlow	START	1762072061287
REQUEST		Create Booking	1762072061288	1762072061305	KO	status.find.is(201), but actually found 400
ERROR	Check Booking Status: Failed to build request: No attribute named 'bookingToken' is defined 	1762072061315
USER	CitizenBookingFlow	END	1762072061317
USER	CitizenBookingFlow	START	1762072062288
REQUEST		Create Booking	1762072062289	1762072062301	OK	 
ERROR	Check Booking Status: Failed to build request: No attribute named 'bookingToken' is defined 	1762072062307
USER	CitizenBookingFlow	END	1762072062309
USER	CitizenBookingFlow	START	1762072063288
REQUEST		Create Booking	1762072063289	1762072063311	OK	 
REQUEST		Check Booking Status	1762072063306	1762072063316	OK	 
USER	CitizenBookingFlow	END	1762072063317
USER	CitizenBookingFlow	START	1762072064289
REQUEST		Create Booking	1762072064290	1762072064308	KO	status.find.is(201), but actually found 400
REQUEST		Check Booking Status	1762072064317	1762072064325	OK	 
USER	CitizenBookingFlow	END	1762072064326
USER	CitizenBookingFlow	START	1762072065287
REQUEST		Create Booking	1762072065288	1762072065299	KO	status.find.is(201), but actually found 400
ERROR	Check Booking Status: Failed to build request: No attribute named 'bookingToken' is defined 	1762072065312
USER	CitizenBookingFlow	END	1762072065313
USER	CitizenBookingFlow	START	1762072066288
ERROR	Check Booking Status: Failed to build request: No attribute named 'bookingToken' is defined 	1762072066300
USER	CitizenBookingFlow	END	1762072066301
REQUEST		Create Booking	1762072066289	1762072066305	KO	status.find.is(201), but actually found 400
USER	CitizenBookingFlow	START	1762072067288
ERROR	Check Booking Status: Failed to build request: No attribute named 'bookingToken' is defined 	1762072067307
REQUEST		Create Booking	1762072067290	1762072067309	KO	status.find.is(201), but actually found 400
USER	CitizenBookingFlow	END	1762072067313
USER	CitizenBookingFlow	START	1762072068289
REQUEST		Create Booking	1762072068290	1762072068301	KO	status.find.is(201), but actually found 400
ERROR	Check Booking Status: Failed to build request: No attribute named 'bookingToken' is defined 	1762072068312
USER	CitizenBookingFlow	END	1762072068313
USER	CitizenBookingFlow	START	1762072069289
ERROR	Check Booking Status: Failed to build request: No attribute named 'bookingToken' is defined 	1762072069304
USER	CitizenBookingFlow	END	1762072069306
REQUEST		Create Booking	1762072069296	1762072069311	KO	status.find.is(201), but actually found 400
USER	CitizenBookingFlow	START	1762072070288
REQUEST		Create Booking	1762072070288	1762072070294	KO	status.find.is(201), but actually found 400
ERROR	Check Booking Status: Failed to build request: No attribute named 'bookingToken' is defined 	1762072070313
USER	CitizenBookingFlow	END	1762072070313
USER	CitizenBookingFlow	START	1762072071287
ERROR	Check Booking Status: Failed to build request: No attribute named 'bookingToken' is defined 	1762072071313
USER	CitizenBookingFlow	END	1762072071317
REQUEST		Create Booking	1762072071288	1762072071344	KO	status.find.is(201), but actually found 400
ERROR	Check Booking Status: Failed to build request: No attribute named 'bookingToken' is defined 	1762072072347
USER	CitizenBookingFlow	END	1762072072347
