RUN	tqs.BookingSimulation	bookingsimulation	1762070695213	 	3.10.4
USER	CitizenBookingFlow	START	1762070695784
USER	StaffUpdateFlow	START	1762070695785
USER	CapacityLimitTest	START	1762070695802
REQUEST		Create Booking 0	1762070695799	1762070695877	OK	 
REQUEST		Create Booking	1762070695799	1762070695916	OK	 
REQUEST		Create Booking for Staff Test	1762070695799	1762070695916	OK	 
REQUEST		Create Booking 1	1762070696389	1762070696394	OK	 
USER	StaffUpdateFlow	START	1762070696776
USER	CitizenBookingFlow	START	1762070696777
REQUEST		Create Booking for Staff Test	1762070696777	1762070696794	OK	 
REQUEST		Create Booking	1762070696784	1762070696799	OK	 
REQUEST		Create Booking 2	1762070696897	1762070696912	OK	 
REQUEST		Check Booking Status	1762070696944	1762070696958	OK	 
USER	CitizenBookingFlow	END	1762070696962
REQUEST		Create Booking 3	1762070697414	1762070697423	OK	 
USER	StaffUpdateFlow	START	1762070697775
USER	CitizenBookingFlow	START	1762070697782
REQUEST		Create Booking for Staff Test	1762070697778	1762070697799	OK	 
REQUEST		Create Booking	1762070697788	1762070697799	OK	 
REQUEST		Check Booking Status	1762070697803	1762070697811	OK	 
USER	CitizenBookingFlow	END	1762070697812
REQUEST		Create Booking 4	1762070697927	1762070697936	OK	 
REQUEST		Update to ASSIGNED	1762070697945	1762070697957	OK	 
REQUEST		Create Booking 5	1762070698439	1762070698449	OK	 
USER	CitizenBookingFlow	START	1762070698774
USER	StaffUpdateFlow	START	1762070698775
REQUEST		Create Booking for Staff Test	1762070698777	1762070698797	OK	 
REQUEST		Create Booking	1762070698776	1762070698807	OK	 
REQUEST		Update to ASSIGNED	1762070698797	1762070698807	OK	 
REQUEST		Check Booking Status	1762070698801	1762070698809	OK	 
USER	CitizenBookingFlow	END	1762070698809
REQUEST		Create Booking 6	1762070698952	1762070698960	OK	 
REQUEST		Update to IN_PROGRESS	1762070698962	1762070698974	OK	 
USER	StaffUpdateFlow	END	1762070698977
REQUEST		Create Booking 7	1762070699464	1762070699472	OK	 
USER	StaffUpdateFlow	START	1762070699774
USER	CitizenBookingFlow	START	1762070699775
REQUEST		Create Booking for Staff Test	1762070699776	1762070699797	OK	 
REQUEST		Create Booking	1762070699780	1762070699797	OK	 
REQUEST		Update to ASSIGNED	1762070699801	1762070699810	OK	 
REQUEST		Check Booking Status	1762070699809	1762070699815	OK	 
USER	CitizenBookingFlow	END	1762070699816
REQUEST		Update to IN_PROGRESS	1762070699809	1762070699821	OK	 
USER	StaffUpdateFlow	END	1762070699821
REQUEST		Create Booking 8	1762070699975	1762070700017	OK	 
REQUEST		Create Booking 9	1762070700519	1762070700531	OK	 
USER	StaffUpdateFlow	START	1762070700774
USER	CitizenBookingFlow	START	1762070700775
REQUEST		Create Booking for Staff Test	1762070700775	1762070700798	OK	 
REQUEST		Create Booking	1762070700779	1762070700798	OK	 
REQUEST		Check Booking Status	1762070700799	1762070700807	OK	 
USER	CitizenBookingFlow	END	1762070700807
REQUEST		Update to ASSIGNED	1762070700799	1762070700810	OK	 
REQUEST		Update to IN_PROGRESS	1762070700812	1762070700821	OK	 
USER	StaffUpdateFlow	END	1762070700821
REQUEST		Create Booking 10	1762070701034	1762070701043	OK	 
REQUEST		Create Booking 11	1762070701546	1762070701556	OK	 
USER	StaffUpdateFlow	START	1762070701774
USER	CitizenBookingFlow	START	1762070701775
REQUEST		Create Booking	1762070701776	1762070701792	OK	 
REQUEST		Create Booking for Staff Test	1762070701775	1762070701793	OK	 
REQUEST		Check Booking Status	1762070701802	1762070701811	OK	 
REQUEST		Update to ASSIGNED	1762070701801	1762070701812	OK	 
USER	CitizenBookingFlow	END	1762070701813
REQUEST		Update to IN_PROGRESS	1762070701812	1762070701821	OK	 
USER	StaffUpdateFlow	END	1762070701825
REQUEST		Create Booking 12	1762070702059	1762070702068	OK	 
REQUEST		Create Booking 13	1762070702570	1762070702582	OK	 
USER	CitizenBookingFlow	START	1762070702775
USER	StaffUpdateFlow	START	1762070702776
REQUEST		Create Booking	1762070702781	1762070702795	OK	 
REQUEST		Create Booking for Staff Test	1762070702782	1762070702795	OK	 
REQUEST		Check Booking Status	1762070702796	1762070702804	OK	 
USER	CitizenBookingFlow	END	1762070702806
REQUEST		Update to ASSIGNED	1762070702801	1762070702809	OK	 
REQUEST		Update to IN_PROGRESS	1762070702815	1762070702823	OK	 
USER	StaffUpdateFlow	END	1762070702823
REQUEST		Create Booking 14	1762070703086	1762070703096	OK	 
REQUEST		Create Booking 15	1762070703599	1762070703607	OK	 
USER	StaffUpdateFlow	START	1762070703775
USER	CitizenBookingFlow	START	1762070703776
REQUEST		Create Booking for Staff Test	1762070703777	1762070703791	OK	 
REQUEST		Create Booking	1762070703780	1762070703793	OK	 
REQUEST		Check Booking Status	1762070703797	1762070703809	OK	 
REQUEST		Update to ASSIGNED	1762070703796	1762070703812	OK	 
USER	CitizenBookingFlow	END	1762070703813
REQUEST		Update to IN_PROGRESS	1762070703815	1762070703827	OK	 
USER	StaffUpdateFlow	END	1762070703832
USER	CapacityLimitTest	END	1762070704111
USER	CitizenBookingFlow	START	1762070704774
USER	StaffUpdateFlow	START	1762070704776
REQUEST		Create Booking	1762070704776	1762070704790	OK	 
REQUEST		Create Booking for Staff Test	1762070704777	1762070704790	OK	 
REQUEST		Check Booking Status	1762070704796	1762070704806	OK	 
USER	CitizenBookingFlow	END	1762070704808
REQUEST		Update to ASSIGNED	1762070704799	1762070704809	OK	 
REQUEST		Update to IN_PROGRESS	1762070704814	1762070704825	OK	 
USER	StaffUpdateFlow	END	1762070704835
USER	CitizenBookingFlow	START	1762070705776
REQUEST		Create Booking	1762070705779	1762070705800	OK	 
REQUEST		Check Booking Status	1762070705793	1762070705800	OK	 
USER	CitizenBookingFlow	END	1762070705805
REQUEST		Update to ASSIGNED	1762070705794	1762070705805	OK	 
REQUEST		Update to IN_PROGRESS	1762070705810	1762070705821	OK	 
USER	StaffUpdateFlow	END	1762070705822
USER	CitizenBookingFlow	START	1762070706775
REQUEST		Create Booking	1762070706776	1762070706795	OK	 
REQUEST		Update to ASSIGNED	1762070706792	1762070706800	OK	 
REQUEST		Check Booking Status	1762070706803	1762070706819	OK	 
USER	CitizenBookingFlow	END	1762070706821
REQUEST		Update to IN_PROGRESS	1762070706820	1762070706828	OK	 
USER	StaffUpdateFlow	END	1762070706828
USER	CitizenBookingFlow	START	1762070707774
REQUEST		Create Booking	1762070707776	1762070707797	OK	 
REQUEST		Check Booking Status	1762070707808	1762070707819	OK	 
USER	CitizenBookingFlow	END	1762070707820
REQUEST		Update to IN_PROGRESS	1762070707809	1762070707825	OK	 
USER	StaffUpdateFlow	END	1762070707826
USER	CitizenBookingFlow	START	1762070708775
REQUEST		Create Booking	1762070708776	1762070708802	OK	 
REQUEST		Check Booking Status	1762070708803	1762070708809	OK	 
USER	CitizenBookingFlow	END	1762070708809
USER	CitizenBookingFlow	START	1762070709776
REQUEST		Create Booking	1762070709779	1762070709805	OK	 
REQUEST		Check Booking Status	1762070709815	1762070709820	OK	 
USER	CitizenBookingFlow	END	1762070709820
USER	CitizenBookingFlow	START	1762070710775
REQUEST		Create Booking	1762070710776	1762070710792	OK	 
REQUEST		Check Booking Status	1762070710808	1762070710814	OK	 
USER	CitizenBookingFlow	END	1762070710814
USER	CitizenBookingFlow	START	1762070711775
REQUEST		Create Booking	1762070711776	1762070711790	OK	 
REQUEST		Check Booking Status	1762070711796	1762070711802	OK	 
USER	CitizenBookingFlow	END	1762070711807
USER	CitizenBookingFlow	START	1762070712776
REQUEST		Create Booking	1762070712778	1762070712806	OK	 
REQUEST		Check Booking Status	1762070712795	1762070712807	OK	 
USER	CitizenBookingFlow	END	1762070712810
USER	CitizenBookingFlow	START	1762070713774
REQUEST		Create Booking	1762070713775	1762070713789	OK	 
REQUEST		Check Booking Status	1762070713812	1762070713820	OK	 
USER	CitizenBookingFlow	END	1762070713821
USER	CitizenBookingFlow	START	1762070714775
REQUEST		Create Booking	1762070714779	1762070714801	OK	 
REQUEST		Check Booking Status	1762070714792	1762070714806	OK	 
USER	CitizenBookingFlow	END	1762070714808
USER	CitizenBookingFlow	START	1762070715775
REQUEST		Create Booking	1762070715777	1762070715797	OK	 
REQUEST		Check Booking Status	1762070715808	1762070715815	OK	 
USER	CitizenBookingFlow	END	1762070715816
USER	CitizenBookingFlow	START	1762070716774
REQUEST		Create Booking	1762070716775	1762070716788	OK	 
REQUEST		Check Booking Status	1762070716810	1762070716824	OK	 
USER	CitizenBookingFlow	END	1762070716825
USER	CitizenBookingFlow	START	1762070717775
REQUEST		Create Booking	1762070717777	1762070717795	OK	 
REQUEST		Check Booking Status	1762070717792	1762070717800	OK	 
USER	CitizenBookingFlow	END	1762070717811
USER	CitizenBookingFlow	START	1762070718776
REQUEST		Create Booking	1762070718778	1762070718797	OK	 
REQUEST		Check Booking Status	1762070718800	1762070718809	OK	 
USER	CitizenBookingFlow	END	1762070718810
USER	CitizenBookingFlow	START	1762070719775
REQUEST		Create Booking	1762070719779	1762070719794	KO	status.find.is(201), but actually found 400
REQUEST		Check Booking Status	1762070719807	1762070719816	OK	 
USER	CitizenBookingFlow	END	1762070719816
USER	CitizenBookingFlow	START	1762070720775
REQUEST		Create Booking	1762070720777	1762070720800	OK	 
ERROR	Check Booking Status: Failed to build request: No attribute named 'bookingToken' is defined 	1762070720815
USER	CitizenBookingFlow	END	1762070720818
USER	CitizenBookingFlow	START	1762070721775
REQUEST		Create Booking	1762070721776	1762070721786	KO	status.find.is(201), but actually found 400
REQUEST		Check Booking Status	1762070721804	1762070721814	OK	 
USER	CitizenBookingFlow	END	1762070721815
USER	CitizenBookingFlow	START	1762070722775
ERROR	Check Booking Status: Failed to build request: No attribute named 'bookingToken' is defined 	1762070722788
USER	CitizenBookingFlow	END	1762070722790
REQUEST		Create Booking	1762070722777	1762070722794	OK	 
USER	CitizenBookingFlow	START	1762070723776
REQUEST		Create Booking	1762070723777	1762070723786	KO	status.find.is(201), but actually found 400
REQUEST		Check Booking Status	1762070723797	1762070723805	OK	 
USER	CitizenBookingFlow	END	1762070723806
USER	CitizenBookingFlow	START	1762070724775
ERROR	Check Booking Status: Failed to build request: No attribute named 'bookingToken' is defined 	1762070724788
USER	CitizenBookingFlow	END	1762070724790
REQUEST		Create Booking	1762070724777	1762070724791	KO	status.find.is(201), but actually found 400
ERROR	Check Booking Status: Failed to build request: No attribute named 'bookingToken' is defined 	1762070725793
USER	CitizenBookingFlow	END	1762070725794
